<?xml version="1.0" encoding="UTF-8"?>
<!-- Generated by org.testng.reporters.JUnitReportReporter -->
<testsuite hostname="LAPTOP-QNA3O4MF" failures="0" tests="1" name="restAssured.PutMethodForProduct" time="1.330" errors="0" timestamp="2025-05-30T17:44:57 IST" skipped="0">
  <testcase classname="restAssured.PutMethodForProduct" name="postUsers" time="1.330"/>
</testsuite> <!-- restAssured.PutMethodForProduct -->
