<?xml version="1.0" encoding="UTF-8"?>
<!-- Generated by org.testng.reporters.JUnitReportReporter -->
<testsuite hostname="LAPTOP-QNA3O4MF" failures="0" tests="1" name="restAssured.DeleteMethodForProduct" time="1.412" errors="0" timestamp="2025-05-30T17:51:41 IST" skipped="0">
  <testcase classname="restAssured.DeleteMethodForProduct" name="postUsers" time="1.412"/>
</testsuite> <!-- restAssured.DeleteMethodForProduct -->
