<?xml version="1.0" encoding="UTF-8"?>
<!-- Generated by org.testng.reporters.JUnitReportReporter -->
<testsuite hostname="LAPTOP-QNA3O4MF" failures="0" tests="1" name="restAssured.GetMethod" time="1.440" errors="0" timestamp="2025-05-30T17:00:40 IST" skipped="0">
  <testcase classname="restAssured.GetMethod" name="getUsers" time="1.440"/>
</testsuite> <!-- restAssured.GetMethod -->
